{"total": {"lines":{"total":119,"covered":51,"skipped":0,"pct":42.86},"statements":{"total":122,"covered":51,"skipped":0,"pct":41.8},"functions":{"total":46,"covered":16,"skipped":0,"pct":34.78},"branches":{"total":45,"covered":6,"skipped":0,"pct":13.33}}
,"C:\\Users\\CAGRI\\Desktop\\RickAndMorty\\my-app\\src\\App.js": {"lines":{"total":8,"covered":2,"skipped":0,"pct":25},"functions":{"total":5,"covered":0,"skipped":0,"pct":0},"statements":{"total":9,"covered":2,"skipped":0,"pct":22.22},"branches":{"total":2,"covered":0,"skipped":0,"pct":0}}
,"C:\\Users\\CAGRI\\Desktop\\RickAndMorty\\my-app\\src\\index.js": {"lines":{"total":10,"covered":0,"skipped":0,"pct":0},"functions":{"total":1,"covered":0,"skipped":0,"pct":0},"statements":{"total":11,"covered":0,"skipped":0,"pct":0},"branches":{"total":0,"covered":0,"skipped":0,"pct":100}}
,"C:\\Users\\CAGRI\\Desktop\\RickAndMorty\\my-app\\src\\serviceWorker.js": {"lines":{"total":38,"covered":0,"skipped":0,"pct":0},"functions":{"total":15,"covered":0,"skipped":0,"pct":0},"statements":{"total":38,"covered":0,"skipped":0,"pct":0},"branches":{"total":32,"covered":0,"skipped":0,"pct":0}}
,"C:\\Users\\CAGRI\\Desktop\\RickAndMorty\\my-app\\src\\setupTests.js": {"lines":{"total":1,"covered":1,"skipped":0,"pct":100},"functions":{"total":0,"covered":0,"skipped":0,"pct":100},"statements":{"total":1,"covered":1,"skipped":0,"pct":100},"branches":{"total":0,"covered":0,"skipped":0,"pct":100}}
,"C:\\Users\\CAGRI\\Desktop\\RickAndMorty\\my-app\\src\\components\\DetailsOfChar.js": {"lines":{"total":15,"covered":2,"skipped":0,"pct":13.33},"functions":{"total":9,"covered":0,"skipped":0,"pct":0},"statements":{"total":16,"covered":2,"skipped":0,"pct":12.5},"branches":{"total":2,"covered":0,"skipped":0,"pct":0}}
,"C:\\Users\\CAGRI\\Desktop\\RickAndMorty\\my-app\\src\\components\\MainPage.js": {"lines":{"total":36,"covered":35,"skipped":0,"pct":97.22},"functions":{"total":13,"covered":13,"skipped":0,"pct":100},"statements":{"total":36,"covered":35,"skipped":0,"pct":97.22},"branches":{"total":4,"covered":2,"skipped":0,"pct":50}}
,"C:\\Users\\CAGRI\\Desktop\\RickAndMorty\\my-app\\src\\redux\\actions.js": {"lines":{"total":2,"covered":2,"skipped":0,"pct":100},"functions":{"total":2,"covered":2,"skipped":0,"pct":100},"statements":{"total":2,"covered":2,"skipped":0,"pct":100},"branches":{"total":0,"covered":0,"skipped":0,"pct":100}}
,"C:\\Users\\CAGRI\\Desktop\\RickAndMorty\\my-app\\src\\redux\\reducer.js": {"lines":{"total":7,"covered":7,"skipped":0,"pct":100},"functions":{"total":1,"covered":1,"skipped":0,"pct":100},"statements":{"total":7,"covered":7,"skipped":0,"pct":100},"branches":{"total":5,"covered":4,"skipped":0,"pct":80}}
,"C:\\Users\\CAGRI\\Desktop\\RickAndMorty\\my-app\\src\\redux\\store.js": {"lines":{"total":2,"covered":2,"skipped":0,"pct":100},"functions":{"total":0,"covered":0,"skipped":0,"pct":100},"statements":{"total":2,"covered":2,"skipped":0,"pct":100},"branches":{"total":0,"covered":0,"skipped":0,"pct":100}}
}
